1782926552659087270 run 1
1782926552668352907 run 2
1782926552676194192 run 3
1782926552684172099 run 4
1782926552692148717 run 5
1782926552700059624 run 6
1782926552707928950 run 7
1782926552715731272 run 8
1782926552723560735 run 9
1782926552731411638 run 10
1782982338429666071 run 1
1782982338437672796 run 2
1782982338445705159 run 3
1782982338453673023 run 4
1782982338461491657 run 5
1782982338469217185 run 6
1782982338476807905 run 7
1782982338484531462 run 8
1782982338492313668 run 9
1782982338500569875 run 10
1782982338508214607 run 11
1783069108949676468 run 1
1783069108958802502 run 2
1783069108967256429 run 3
